<?xml version="1.0" encoding="UTF-8"?>
<testng-results skipped="0" failed="0" total="1" passed="1">
  <reporter-output>
  </reporter-output>
  <suite name="Default suite" duration-ms="180" started-at="2021-11-11T07:11:08Z" finished-at="2021-11-11T07:11:08Z">
    <groups>
    </groups>
    <test name="Default test" duration-ms="180" started-at="2021-11-11T07:11:08Z" finished-at="2021-11-11T07:11:08Z">
      <class name="scripts.Demo1">
        <test-method status="PASS" signature="Sample()[pri:0, instance:scripts.Demo1@4de8b406]" name="Sample" duration-ms="35" started-at="2021-11-11T12:41:08Z" finished-at="2021-11-11T12:41:08Z">
          <reporter-output>
          </reporter-output>
        </test-method> <!-- Sample -->
      </class> <!-- scripts.Demo1 -->
    </test> <!-- Default test -->
  </suite> <!-- Default suite -->
</testng-results>
